2022-03-13 23:34:46,715:INFO:Initializing load_model()
2022-03-13 23:34:46,716:INFO:load_model(model_name=catboostV1pm25, platform=None, authentication=None, verbose=True)
2022-03-13 23:35:40,188:INFO:Initializing load_model()
2022-03-13 23:35:40,189:INFO:load_model(model_name=catboostV1pm25, platform=None, authentication=None, verbose=True)
2022-03-13 23:36:32,102:INFO:Initializing load_model()
2022-03-13 23:36:32,102:INFO:load_model(model_name=catboostV1pm25, platform=None, authentication=None, verbose=True)
2022-03-14 00:22:24,454:INFO:Initializing load_model()
2022-03-14 00:22:24,454:INFO:load_model(model_name=catboostV1pm25, platform=None, authentication=None, verbose=True)
2022-03-14 00:31:21,391:INFO:Initializing load_model()
2022-03-14 00:31:21,391:INFO:load_model(model_name=catboostV1pm25, platform=None, authentication=None, verbose=True)
2022-03-14 00:35:28,490:INFO:Initializing predict_model()
2022-03-14 00:35:28,490:INFO:predict_model(estimator=Pipeline(steps=[('dtypes',
                 DataTypes_Auto_infer(ml_usecase='regression', target='PM25')),
                ('imputer',
                 Simple_Imputer(categorical_strategy='not_available',
                                fill_value_categorical=None,
                                fill_value_numerical=None,
                                numeric_strategy='mean',
                                target_variable=None)),
                ('new_levels1',
                 New_Catagorical_Levels_in_TestData(replacement_strategy='least '
                                                                         'frequent',
                                                    target='PM...
                ('binn', 'passthrough'), ('rem_outliers', 'passthrough'),
                ('cluster_all', 'passthrough'),
                ('dummy', Dummify(target='PM25')),
                ('fix_perfect', Remove_100(target='PM25')),
                ('clean_names', Clean_Colum_Names()),
                ('feature_select', 'passthrough'), ('fix_multi', 'passthrough'),
                ('dfs', 'passthrough'), ('pca', 'passthrough'),
                ['trained_model',
                 <catboost.core.CatBoostRegressor object at 0x000001C8C04AEFA0>]]), probability_threshold=None, encoded_labels=True, drift_report=False, raw_score=False, round=4, verbose=True, ml_usecase=MLUsecase.REGRESSION, display=None)
2022-03-14 00:35:28,490:INFO:Checking exceptions
2022-03-14 00:35:28,490:INFO:Preloading libraries
2022-03-14 00:45:54,312:INFO:Initializing predict_model()
2022-03-14 00:45:54,312:INFO:predict_model(estimator=Pipeline(steps=[('dtypes',
                 DataTypes_Auto_infer(ml_usecase='regression', target='PM25')),
                ('imputer',
                 Simple_Imputer(categorical_strategy='not_available',
                                fill_value_categorical=None,
                                fill_value_numerical=None,
                                numeric_strategy='mean',
                                target_variable=None)),
                ('new_levels1',
                 New_Catagorical_Levels_in_TestData(replacement_strategy='least '
                                                                         'frequent',
                                                    target='PM...
                ('binn', 'passthrough'), ('rem_outliers', 'passthrough'),
                ('cluster_all', 'passthrough'),
                ('dummy', Dummify(target='PM25')),
                ('fix_perfect', Remove_100(target='PM25')),
                ('clean_names', Clean_Colum_Names()),
                ('feature_select', 'passthrough'), ('fix_multi', 'passthrough'),
                ('dfs', 'passthrough'), ('pca', 'passthrough'),
                ['trained_model',
                 <catboost.core.CatBoostRegressor object at 0x000001C8C04AEFA0>]]), probability_threshold=None, encoded_labels=True, drift_report=False, raw_score=False, round=4, verbose=True, ml_usecase=MLUsecase.REGRESSION, display=None)
2022-03-14 00:45:54,312:INFO:Checking exceptions
2022-03-14 00:45:54,312:INFO:Preloading libraries
2022-03-14 00:50:24,009:INFO:Initializing load_model()
2022-03-14 00:50:24,009:INFO:load_model(model_name=catboostV1pm25, platform=None, authentication=None, verbose=True)
2022-03-14 00:50:44,025:INFO:Initializing predict_model()
2022-03-14 00:50:44,025:INFO:predict_model(estimator=Pipeline(steps=[('dtypes',
                 DataTypes_Auto_infer(ml_usecase='regression', target='PM25')),
                ('imputer',
                 Simple_Imputer(categorical_strategy='not_available',
                                fill_value_categorical=None,
                                fill_value_numerical=None,
                                numeric_strategy='mean',
                                target_variable=None)),
                ('new_levels1',
                 New_Catagorical_Levels_in_TestData(replacement_strategy='least '
                                                                         'frequent',
                                                    target='PM...
                ('binn', 'passthrough'), ('rem_outliers', 'passthrough'),
                ('cluster_all', 'passthrough'),
                ('dummy', Dummify(target='PM25')),
                ('fix_perfect', Remove_100(target='PM25')),
                ('clean_names', Clean_Colum_Names()),
                ('feature_select', 'passthrough'), ('fix_multi', 'passthrough'),
                ('dfs', 'passthrough'), ('pca', 'passthrough'),
                ['trained_model',
                 <catboost.core.CatBoostRegressor object at 0x00000269E460FFA0>]]), probability_threshold=None, encoded_labels=True, drift_report=False, raw_score=False, round=4, verbose=True, ml_usecase=MLUsecase.REGRESSION, display=None)
2022-03-14 00:50:44,025:INFO:Checking exceptions
2022-03-14 00:50:44,025:INFO:Preloading libraries
2022-03-14 00:52:13,710:INFO:Initializing predict_model()
2022-03-14 00:52:13,711:INFO:predict_model(estimator=Pipeline(steps=[('dtypes',
                 DataTypes_Auto_infer(ml_usecase='regression', target='PM25')),
                ('imputer',
                 Simple_Imputer(categorical_strategy='not_available',
                                fill_value_categorical=None,
                                fill_value_numerical=None,
                                numeric_strategy='mean',
                                target_variable=None)),
                ('new_levels1',
                 New_Catagorical_Levels_in_TestData(replacement_strategy='least '
                                                                         'frequent',
                                                    target='PM...
                ('binn', 'passthrough'), ('rem_outliers', 'passthrough'),
                ('cluster_all', 'passthrough'),
                ('dummy', Dummify(target='PM25')),
                ('fix_perfect', Remove_100(target='PM25')),
                ('clean_names', Clean_Colum_Names()),
                ('feature_select', 'passthrough'), ('fix_multi', 'passthrough'),
                ('dfs', 'passthrough'), ('pca', 'passthrough'),
                ['trained_model',
                 <catboost.core.CatBoostRegressor object at 0x00000269E460FFA0>]]), probability_threshold=None, encoded_labels=True, drift_report=False, raw_score=False, round=4, verbose=True, ml_usecase=MLUsecase.REGRESSION, display=None)
2022-03-14 00:52:13,711:INFO:Checking exceptions
2022-03-14 00:52:13,711:INFO:Preloading libraries
2022-03-14 00:53:26,327:INFO:Initializing predict_model()
2022-03-14 00:53:26,327:INFO:predict_model(estimator=Pipeline(steps=[('dtypes',
                 DataTypes_Auto_infer(ml_usecase='regression', target='PM25')),
                ('imputer',
                 Simple_Imputer(categorical_strategy='not_available',
                                fill_value_categorical=None,
                                fill_value_numerical=None,
                                numeric_strategy='mean',
                                target_variable=None)),
                ('new_levels1',
                 New_Catagorical_Levels_in_TestData(replacement_strategy='least '
                                                                         'frequent',
                                                    target='PM...
                ('binn', 'passthrough'), ('rem_outliers', 'passthrough'),
                ('cluster_all', 'passthrough'),
                ('dummy', Dummify(target='PM25')),
                ('fix_perfect', Remove_100(target='PM25')),
                ('clean_names', Clean_Colum_Names()),
                ('feature_select', 'passthrough'), ('fix_multi', 'passthrough'),
                ('dfs', 'passthrough'), ('pca', 'passthrough'),
                ['trained_model',
                 <catboost.core.CatBoostRegressor object at 0x00000269E460FFA0>]]), probability_threshold=None, encoded_labels=True, drift_report=False, raw_score=False, round=4, verbose=True, ml_usecase=MLUsecase.REGRESSION, display=None)
2022-03-14 00:53:26,327:INFO:Checking exceptions
2022-03-14 00:53:26,327:INFO:Preloading libraries
2022-03-14 00:53:49,459:INFO:Initializing predict_model()
2022-03-14 00:53:49,459:INFO:predict_model(estimator=Pipeline(steps=[('dtypes',
                 DataTypes_Auto_infer(ml_usecase='regression', target='PM25')),
                ('imputer',
                 Simple_Imputer(categorical_strategy='not_available',
                                fill_value_categorical=None,
                                fill_value_numerical=None,
                                numeric_strategy='mean',
                                target_variable=None)),
                ('new_levels1',
                 New_Catagorical_Levels_in_TestData(replacement_strategy='least '
                                                                         'frequent',
                                                    target='PM...
                ('binn', 'passthrough'), ('rem_outliers', 'passthrough'),
                ('cluster_all', 'passthrough'),
                ('dummy', Dummify(target='PM25')),
                ('fix_perfect', Remove_100(target='PM25')),
                ('clean_names', Clean_Colum_Names()),
                ('feature_select', 'passthrough'), ('fix_multi', 'passthrough'),
                ('dfs', 'passthrough'), ('pca', 'passthrough'),
                ['trained_model',
                 <catboost.core.CatBoostRegressor object at 0x00000269E460FFA0>]]), probability_threshold=None, encoded_labels=True, drift_report=False, raw_score=False, round=4, verbose=True, ml_usecase=MLUsecase.REGRESSION, display=None)
2022-03-14 00:53:49,459:INFO:Checking exceptions
2022-03-14 00:53:49,459:INFO:Preloading libraries
2022-04-10 15:13:33,983:INFO:Initializing load_model()
2022-04-10 15:13:33,983:INFO:load_model(model_name=catboostV1pm25, platform=None, authentication=None, verbose=True)
